c:\users\justin\documents\visual studio 2015\projects\cocoslots1\proj.win32\debug.win32\vc120.pdb
c:\users\justin\documents\visual studio 2015\projects\cocoslots1\proj.win32\debug.win32\vc120.idb
c:\users\justin\documents\visual studio 2015\projects\cocoslots1\proj.win32\debug.win32\appdelegate.obj
c:\users\justin\documents\visual studio 2015\projects\cocoslots1\proj.win32\debug.win32\mycppgame.ilk
c:\users\justin\documents\visual studio 2015\projects\cocoslots1\proj.win32\debug.win32\mycppgame.exe
c:\users\justin\documents\visual studio 2015\projects\cocoslots1\proj.win32\debug.win32\mycppgame.pdb
c:\users\justin\documents\visual studio 2015\projects\cocoslots1\proj.win32\debug.win32\mycppgame.lib
c:\users\justin\documents\visual studio 2015\projects\cocoslots1\proj.win32\debug.win32\mycppgame.exp
c:\users\justin\documents\visual studio 2015\projects\cocoslots1\proj.win32\mycppgame.cab
c:\users\justin\documents\visual studio 2015\projects\cocoslots1\proj.win32\debug.win32\game.res
c:\users\justin\documents\visual studio 2015\projects\cocoslots1\proj.win32\debug.win32\graphicsscene.obj
c:\users\justin\documents\visual studio 2015\projects\cocoslots1\proj.win32\debug.win32\helloworldscene.obj
c:\users\justin\documents\visual studio 2015\projects\cocoslots1\proj.win32\debug.win32\main.obj
c:\users\justin\documents\visual studio 2015\projects\cocoslots1\proj.win32\debug.win32\reelscene.obj
c:\users\justin\documents\visual studio 2015\projects\cocoslots1\proj.win32\debug.win32\mycppgame.tlog\cl.command.1.tlog
c:\users\justin\documents\visual studio 2015\projects\cocoslots1\proj.win32\debug.win32\mycppgame.tlog\cl.read.1.tlog
c:\users\justin\documents\visual studio 2015\projects\cocoslots1\proj.win32\debug.win32\mycppgame.tlog\cl.write.1.tlog
c:\users\justin\documents\visual studio 2015\projects\cocoslots1\proj.win32\debug.win32\mycppgame.tlog\link.command.1.tlog
c:\users\justin\documents\visual studio 2015\projects\cocoslots1\proj.win32\debug.win32\mycppgame.tlog\link.read.1.tlog
c:\users\justin\documents\visual studio 2015\projects\cocoslots1\proj.win32\debug.win32\mycppgame.tlog\link.write.1.tlog
c:\users\justin\documents\visual studio 2015\projects\cocoslots1\proj.win32\debug.win32\mycppgame.tlog\mycppgame.write.1u.tlog
c:\users\justin\documents\visual studio 2015\projects\cocoslots1\proj.win32\debug.win32\mycppgame.tlog\rc.command.1.tlog
c:\users\justin\documents\visual studio 2015\projects\cocoslots1\proj.win32\debug.win32\mycppgame.tlog\rc.read.1.tlog
c:\users\justin\documents\visual studio 2015\projects\cocoslots1\proj.win32\debug.win32\mycppgame.tlog\rc.write.1.tlog
